DEPRECATION WARNING: config.action_view.debug_rjs will be removed in 3.1, from 3.1 onwards you will need to install prototype-rails to continue to use RJS templates . (called from service at C:/RailsInstaller/Ruby1.9.2/lib/ruby/1.9.1/webrick/httpserver.rb:111)


Started GET "/" for 127.0.0.1 at 2011-11-12 14:16:02 -0500
  Processing by IngredientsController#index as HTML
  [1m[36mIngredient Load (15.6ms)[0m  [1mSELECT "ingredients".* FROM "ingredients"[0m
SQLite3::SQLException: no such table: ingredients: SELECT "ingredients".* FROM "ingredients"
Completed 500 Internal Server Error in 203ms

ActiveRecord::StatementInvalid (SQLite3::SQLException: no such table: ingredients: SELECT "ingredients".* FROM "ingredients"):
  app/controllers/ingredients_controller.rb:5:in `index'

Rendered C:/RailsInstaller/Ruby1.9.2/lib/ruby/gems/1.9.1/gems/actionpack-3.0.9/lib/action_dispatch/middleware/templates/rescues/_trace.erb (0.0ms)
Rendered C:/RailsInstaller/Ruby1.9.2/lib/ruby/gems/1.9.1/gems/actionpack-3.0.9/lib/action_dispatch/middleware/templates/rescues/_request_and_response.erb (0.0ms)
Rendered C:/RailsInstaller/Ruby1.9.2/lib/ruby/gems/1.9.1/gems/actionpack-3.0.9/lib/action_dispatch/middleware/templates/rescues/diagnostics.erb within rescues/layout (15.6ms)
  [1m[36mSQL (0.0ms)[0m  [1m SELECT name
 FROM sqlite_master
 WHERE type = 'table' AND NOT name = 'sqlite_sequence'
[0m
  [1m[35mSQL (0.0ms)[0m  select sqlite_version(*)
  [1m[36mSQL (15.6ms)[0m  [1mCREATE TABLE "schema_migrations" ("version" varchar(255) NOT NULL) [0m
  [1m[35mSQL (0.0ms)[0m  PRAGMA index_list("schema_migrations")
  [1m[36mSQL (0.0ms)[0m  [1mCREATE UNIQUE INDEX "unique_schema_migrations" ON "schema_migrations" ("version")[0m
  [1m[35mSQL (0.0ms)[0m   SELECT name
 FROM sqlite_master
 WHERE type = 'table' AND NOT name = 'sqlite_sequence'
  [1m[36mSQL (0.0ms)[0m  [1m SELECT name
 FROM sqlite_master
 WHERE type = 'table' AND NOT name = 'sqlite_sequence'
[0m
  [1m[35mSQL (0.0ms)[0m  SELECT "schema_migrations"."version" FROM "schema_migrations"
Migrating to CreateIngredients (20111112182603)
  [1m[36mSQL (0.0ms)[0m  [1mCREATE TABLE "ingredients" ("id" INTEGER PRIMARY KEY AUTOINCREMENT NOT NULL, "name" varchar(255), "created_at" datetime, "updated_at" datetime) [0m
  [1m[35mSQL (0.0ms)[0m  INSERT INTO "schema_migrations" ("version") VALUES ('20111112182603')
Migrating to CreateSteps (20111112183554)
  [1m[36mSQL (0.0ms)[0m  [1mCREATE TABLE "steps" ("id" INTEGER PRIMARY KEY AUTOINCREMENT NOT NULL, "description" varchar(255), "recipe_id" integer, "seq" integer, "created_at" datetime, "updated_at" datetime) [0m
  [1m[35mSQL (0.0ms)[0m  INSERT INTO "schema_migrations" ("version") VALUES ('20111112183554')
Migrating to CreateRecipes (20111112184531)
  [1m[36mSQL (0.0ms)[0m  [1mCREATE TABLE "recipes" ("id" INTEGER PRIMARY KEY AUTOINCREMENT NOT NULL, "name" varchar(255), "timetocook" integer, "servings" integer, "votes_up" integer, "votes_down" integer, "created_at" datetime, "updated_at" datetime) [0m
  [1m[35mSQL (0.0ms)[0m  INSERT INTO "schema_migrations" ("version") VALUES ('20111112184531')
  [1m[36mSQL (0.0ms)[0m  [1m SELECT name
 FROM sqlite_master
 WHERE type = 'table' AND NOT name = 'sqlite_sequence'
[0m
  [1m[35mSQL (0.0ms)[0m  SELECT "schema_migrations"."version" FROM "schema_migrations"
  [1m[36mSQL (0.0ms)[0m  [1m SELECT name
 FROM sqlite_master
 WHERE type = 'table' AND NOT name = 'sqlite_sequence'
[0m
  [1m[35mSQL (0.0ms)[0m  PRAGMA index_list("ingredients")
  [1m[36mSQL (0.0ms)[0m  [1mPRAGMA index_list("recipes")[0m
  [1m[35mSQL (0.0ms)[0m  PRAGMA index_list("steps")
DEPRECATION WARNING: config.action_view.debug_rjs will be removed in 3.1, from 3.1 onwards you will need to install prototype-rails to continue to use RJS templates . (called from service at C:/RailsInstaller/Ruby1.9.2/lib/ruby/1.9.1/webrick/httpserver.rb:111)


Started GET "/" for 127.0.0.1 at 2011-11-12 14:17:21 -0500
  Processing by IngredientsController#index as HTML
  [1m[36mIngredient Load (0.0ms)[0m  [1mSELECT "ingredients".* FROM "ingredients"[0m
Rendered ingredients/index.html.erb within layouts/application (0.0ms)
Completed 200 OK in 203ms (Views: 15.6ms | ActiveRecord: 0.0ms)


Started GET "/ingredients/new" for 127.0.0.1 at 2011-11-12 14:17:31 -0500
  Processing by IngredientsController#new as HTML
Rendered ingredients/_form.html.erb (46.8ms)
Rendered ingredients/new.html.erb within layouts/application (62.4ms)
Completed 200 OK in 94ms (Views: 78.0ms | ActiveRecord: 0.0ms)


Started POST "/ingredients" for 127.0.0.1 at 2011-11-12 14:17:36 -0500
  Processing by IngredientsController#create as HTML
  Parameters: {"utf8"=>"✓", "authenticity_token"=>"jVVpVo9zDHxw06SHzhYrVx7Lq0BOtXP5WA7cZ/aSyyg=", "ingredient"=>{"name"=>"Yahoo"}, "commit"=>"Create Ingredient"}
  [1m[35mSQL (0.0ms)[0m   SELECT name
 FROM sqlite_master
 WHERE type = 'table' AND NOT name = 'sqlite_sequence'
  [1m[36mAREL (0.0ms)[0m  [1mINSERT INTO "ingredients" ("name", "created_at", "updated_at") VALUES ('Yahoo', '2011-11-12 19:17:36.747989', '2011-11-12 19:17:36.747989')[0m
Redirected to http://localhost:3000/ingredients/1
Completed 302 Found in 156ms


Started GET "/ingredients/1" for 127.0.0.1 at 2011-11-12 14:17:36 -0500
  Processing by IngredientsController#show as HTML
  Parameters: {"id"=>"1"}
  [1m[35mIngredient Load (0.0ms)[0m  SELECT "ingredients".* FROM "ingredients" WHERE "ingredients"."id" = 1 LIMIT 1
Rendered ingredients/show.html.erb within layouts/application (0.0ms)
Completed 200 OK in 31ms (Views: 15.6ms | ActiveRecord: 0.0ms)


Started GET "/ingredients" for 127.0.0.1 at 2011-11-12 14:17:40 -0500
  Processing by IngredientsController#index as HTML
  [1m[36mIngredient Load (0.0ms)[0m  [1mSELECT "ingredients".* FROM "ingredients"[0m
Rendered ingredients/index.html.erb within layouts/application (15.6ms)
Completed 200 OK in 31ms (Views: 31.2ms | ActiveRecord: 0.0ms)


Started POST "/ingredients/1" for 127.0.0.1 at 2011-11-12 14:17:59 -0500
  Processing by IngredientsController#destroy as HTML
  Parameters: {"authenticity_token"=>"jVVpVo9zDHxw06SHzhYrVx7Lq0BOtXP5WA7cZ/aSyyg=", "id"=>"1"}
  [1m[35mIngredient Load (0.0ms)[0m  SELECT "ingredients".* FROM "ingredients" WHERE "ingredients"."id" = 1 LIMIT 1
  [1m[36mAREL (0.0ms)[0m  [1mDELETE FROM "ingredients" WHERE "ingredients"."id" = 1[0m
Redirected to http://localhost:3000/ingredients
Completed 302 Found in 31ms


Started GET "/ingredients" for 127.0.0.1 at 2011-11-12 14:17:59 -0500
  Processing by IngredientsController#index as HTML
  [1m[35mIngredient Load (0.0ms)[0m  SELECT "ingredients".* FROM "ingredients"
Rendered ingredients/index.html.erb within layouts/application (0.0ms)
Completed 200 OK in 31ms (Views: 15.6ms | ActiveRecord: 0.0ms)


Started GET "/ingredients/new" for 127.0.0.1 at 2011-11-12 14:18:03 -0500
  Processing by IngredientsController#new as HTML
Rendered ingredients/_form.html.erb (15.6ms)
Rendered ingredients/new.html.erb within layouts/application (15.6ms)
Completed 200 OK in 31ms (Views: 31.2ms | ActiveRecord: 0.0ms)


Started GET "/ingredients/" for 127.0.0.1 at 2011-11-12 14:31:53 -0500
  Processing by IngredientsController#index as HTML
  [1m[36mIngredient Load (0.0ms)[0m  [1mSELECT "ingredients".* FROM "ingredients"[0m
Rendered ingredients/index.html.erb within layouts/application (0.0ms)
Completed 200 OK in 16ms (Views: 15.6ms | ActiveRecord: 0.0ms)


Started GET "/index" for 127.0.0.1 at 2011-11-12 14:31:59 -0500

ActionController::RoutingError (No route matches "/index"):
  

Rendered C:/RailsInstaller/Ruby1.9.2/lib/ruby/gems/1.9.1/gems/actionpack-3.0.9/lib/action_dispatch/middleware/templates/rescues/routing_error.erb within rescues/layout (0.0ms)


Started GET "/ingredients/" for 127.0.0.1 at 2011-11-12 14:32:16 -0500
  Processing by IngredientsController#index as HTML
  [1m[35mIngredient Load (0.0ms)[0m  SELECT "ingredients".* FROM "ingredients"
Rendered ingredients/index.html.erb within layouts/application (15.6ms)
Completed 200 OK in 47ms (Views: 15.6ms | ActiveRecord: 0.0ms)


Started GET "/recipes/" for 127.0.0.1 at 2011-11-12 14:32:32 -0500
  Processing by RecipesController#index as HTML
  [1m[36mRecipe Load (0.0ms)[0m  [1mSELECT "recipes".* FROM "recipes"[0m
Rendered recipes/index.html.erb within layouts/application (15.6ms)
Completed 200 OK in 31ms (Views: 15.6ms | ActiveRecord: 0.0ms)


Started GET "/recipes/" for 127.0.0.1 at 2011-11-12 14:46:20 -0500
  Processing by RecipesController#index as HTML
  [1m[35mRecipe Load (0.0ms)[0m  SELECT "recipes".* FROM "recipes"
Rendered recipes/index.html.erb within layouts/application (10.0ms)
Completed 200 OK in 40ms (Views: 20.0ms | ActiveRecord: 0.0ms)


Started GET "/recipes/" for 127.0.0.1 at 2011-11-12 14:46:37 -0500
  Processing by RecipesController#index as HTML
  [1m[36mRecipe Load (0.0ms)[0m  [1mSELECT "recipes".* FROM "recipes"[0m
Rendered recipes/index.html.erb within layouts/application (0.0ms)
Completed 200 OK in 20ms (Views: 10.0ms | ActiveRecord: 0.0ms)


Started GET "/recipes/" for 127.0.0.1 at 2011-11-12 14:47:07 -0500
  Processing by RecipesController#index as HTML
  [1m[35mRecipe Load (0.0ms)[0m  SELECT "recipes".* FROM "recipes"
Rendered recipes/index.html.erb within layouts/application (10.0ms)
Completed 200 OK in 30ms (Views: 20.0ms | ActiveRecord: 0.0ms)


Started GET "/recipes/" for 127.0.0.1 at 2011-11-12 14:48:15 -0500
  Processing by RecipesController#index as HTML
  [1m[36mRecipe Load (0.0ms)[0m  [1mSELECT "recipes".* FROM "recipes"[0m
Rendered recipes/index.html.erb within layouts/application (10.0ms)
Completed 200 OK in 30ms (Views: 20.0ms | ActiveRecord: 0.0ms)


Started GET "/recipes/" for 127.0.0.1 at 2011-11-12 14:54:19 -0500
  Processing by RecipesController#index as HTML
  [1m[35mRecipe Load (0.0ms)[0m  SELECT "recipes".* FROM "recipes"
Rendered recipes/index.html.erb within layouts/application (0.0ms)
Completed 200 OK in 16ms (Views: 15.6ms | ActiveRecord: 0.0ms)


Started GET "/recipes/" for 127.0.0.1 at 2011-11-12 14:59:46 -0500
  Processing by RecipesController#index as HTML
  [1m[36mRecipe Load (1.0ms)[0m  [1mSELECT "recipes".* FROM "recipes"[0m
Rendered recipes/index.html.erb within layouts/application (2.0ms)
Completed 200 OK in 24ms (Views: 15.0ms | ActiveRecord: 1.0ms)


Started GET "/recipes/" for 127.0.0.1 at 2011-11-12 15:01:37 -0500
  Processing by RecipesController#index as HTML
  [1m[35mRecipe Load (0.0ms)[0m  SELECT "recipes".* FROM "recipes"
Rendered recipes/index.html.erb within layouts/application (0.0ms)
Completed 200 OK in 16ms (Views: 15.6ms | ActiveRecord: 0.0ms)


Started GET "/recipes/" for 127.0.0.1 at 2011-11-12 15:03:38 -0500
  Processing by RecipesController#index as HTML
  [1m[36mRecipe Load (0.0ms)[0m  [1mSELECT "recipes".* FROM "recipes"[0m
Rendered recipes/index.html.erb within layouts/application (0.0ms)
Completed 200 OK in 16ms (Views: 15.6ms | ActiveRecord: 0.0ms)


Started GET "/recipes/" for 127.0.0.1 at 2011-11-12 15:07:18 -0500
  Processing by RecipesController#index as HTML
  [1m[35mRecipe Load (1.0ms)[0m  SELECT "recipes".* FROM "recipes"
Rendered recipes/index.html.erb within layouts/application (3.0ms)
Completed 200 OK in 24ms (Views: 15.0ms | ActiveRecord: 1.0ms)


Started GET "/recipes/" for 127.0.0.1 at 2011-11-12 15:10:28 -0500
  Processing by RecipesController#index as HTML
  [1m[36mRecipe Load (0.0ms)[0m  [1mSELECT "recipes".* FROM "recipes"[0m
Rendered recipes/index.html.erb within layouts/application (0.0ms)
Completed 200 OK in 31ms (Views: 15.6ms | ActiveRecord: 0.0ms)


Started GET "/recipes/" for 127.0.0.1 at 2011-11-12 15:12:21 -0500
  Processing by RecipesController#index as HTML
  [1m[35mRecipe Load (0.0ms)[0m  SELECT "recipes".* FROM "recipes"
Rendered recipes/index.html.erb within layouts/application (2.0ms)
Completed 200 OK in 24ms (Views: 15.0ms | ActiveRecord: 0.0ms)


Started GET "/recipes/" for 127.0.0.1 at 2011-11-12 15:14:55 -0500
  Processing by RecipesController#index as HTML
  [1m[36mRecipe Load (0.0ms)[0m  [1mSELECT "recipes".* FROM "recipes"[0m
Rendered recipes/index.html.erb within layouts/application (3.0ms)
Completed 200 OK in 26ms (Views: 17.0ms | ActiveRecord: 0.0ms)


Started GET "/recipes/" for 127.0.0.1 at 2011-11-12 15:15:24 -0500
  Processing by RecipesController#index as HTML
  [1m[35mRecipe Load (1.0ms)[0m  SELECT "recipes".* FROM "recipes"
Rendered recipes/index.html.erb within layouts/application (2.0ms)
Completed 200 OK in 24ms (Views: 15.0ms | ActiveRecord: 1.0ms)


Started GET "/recipes/" for 127.0.0.1 at 2011-11-12 15:29:32 -0500
  Processing by RecipesController#index as HTML
  [1m[36mRecipe Load (1.0ms)[0m  [1mSELECT "recipes".* FROM "recipes"[0m
Rendered recipes/index.html.erb within layouts/application (3.0ms)
Completed 200 OK in 24ms (Views: 15.0ms | ActiveRecord: 1.0ms)
DEPRECATION WARNING: config.action_view.debug_rjs will be removed in 3.1, from 3.1 onwards you will need to install prototype-rails to continue to use RJS templates . (called from service at C:/RailsInstaller/Ruby1.9.2/lib/ruby/1.9.1/webrick/httpserver.rb:111)


Started GET "/" for 127.0.0.1 at 2011-11-12 16:26:23 -0500
  Processing by IngredientsController#index as HTML
  [1m[36mIngredient Load (0.0ms)[0m  [1mSELECT "ingredients".* FROM "ingredients"[0m
Rendered ingredients/index.html.erb within layouts/application (2.0ms)
Completed 200 OK in 378ms (Views: 15.0ms | ActiveRecord: 0.0ms)


Started GET "/recipes" for 127.0.0.1 at 2011-11-12 16:26:35 -0500
  Processing by RecipesController#index as HTML
  [1m[35mRecipe Load (0.0ms)[0m  SELECT "recipes".* FROM "recipes"
Rendered recipes/index.html.erb within layouts/application (13.0ms)
Completed 200 OK in 177ms (Views: 26.0ms | ActiveRecord: 0.0ms)


Started GET "/recipes" for 127.0.0.1 at 2011-11-12 16:36:34 -0500
  Processing by RecipesController#index as HTML
  [1m[36mRecipe Load (0.0ms)[0m  [1mSELECT "recipes".* FROM "recipes"[0m
Rendered recipes/index.html.erb within layouts/application (3.0ms)
Completed 200 OK in 38ms (Views: 15.0ms | ActiveRecord: 0.0ms)


Started GET "/recipes" for 127.0.0.1 at 2011-11-12 16:41:31 -0500
  Processing by RecipesController#index as HTML
  [1m[35mRecipe Load (0.0ms)[0m  SELECT "recipes".* FROM "recipes"
Rendered recipes/index.html.erb within layouts/application (3.0ms)
Completed 200 OK in 28ms (Views: 15.0ms | ActiveRecord: 0.0ms)


Started GET "/recipes/new" for 127.0.0.1 at 2011-11-12 16:41:33 -0500
  Processing by RecipesController#new as HTML
Rendered recipes/_form.html.erb (66.0ms)
Rendered recipes/new.html.erb within layouts/application (82.0ms)
Completed 200 OK in 109ms (Views: 94.0ms | ActiveRecord: 0.0ms)
DEPRECATION WARNING: config.action_view.debug_rjs will be removed in 3.1, from 3.1 onwards you will need to install prototype-rails to continue to use RJS templates . (called from service at C:/RailsInstaller/Ruby1.9.2/lib/ruby/1.9.1/webrick/httpserver.rb:111)


Started GET "/" for 127.0.0.1 at 2011-11-12 16:59:12 -0500
  Processing by IngredientsController#index as HTML
  [1m[36mIngredient Load (0.0ms)[0m  [1mSELECT "ingredients".* FROM "ingredients"[0m
Rendered ingredients/index.html.erb within layouts/application (2.0ms)
Completed 200 OK in 332ms (Views: 14.0ms | ActiveRecord: 0.0ms)


Started GET "/recipes" for 127.0.0.1 at 2011-11-12 16:59:23 -0500
  Processing by RecipesController#index as HTML
  [1m[35mRecipe Load (0.0ms)[0m  SELECT "recipes".* FROM "recipes"
Rendered recipes/index.html.erb within layouts/application (2.0ms)
Completed 200 OK in 174ms (Views: 14.0ms | ActiveRecord: 0.0ms)


Started GET "/recipes" for 127.0.0.1 at 2011-11-12 16:59:55 -0500
  Processing by RecipesController#index as HTML
  [1m[36mRecipe Load (0.0ms)[0m  [1mSELECT "recipes".* FROM "recipes"[0m
Rendered recipes/index.html.erb within layouts/application (3.0ms)
Completed 200 OK in 42ms (Views: 15.0ms | ActiveRecord: 0.0ms)


Started GET "/recipes" for 127.0.0.1 at 2011-11-12 17:01:40 -0500
  Processing by RecipesController#index as HTML
  [1m[35mRecipe Load (0.0ms)[0m  SELECT "recipes".* FROM "recipes"
Rendered recipes/index.html.erb within layouts/application (3.0ms)
Completed 200 OK in 28ms (Views: 15.0ms | ActiveRecord: 0.0ms)


Started GET "/" for 127.0.0.1 at 2011-11-12 17:02:20 -0500
  Processing by IngredientsController#index as HTML
  [1m[36mIngredient Load (0.0ms)[0m  [1mSELECT "ingredients".* FROM "ingredients"[0m
Rendered ingredients/index.html.erb within layouts/application (3.0ms)
Completed 200 OK in 35ms (Views: 15.0ms | ActiveRecord: 0.0ms)


Started GET "/" for 127.0.0.1 at 2011-11-12 17:04:05 -0500
  Processing by IngredientsController#index as HTML
  [1m[35mIngredient Load (0.0ms)[0m  SELECT "ingredients".* FROM "ingredients"
Rendered ingredients/index.html.erb within layouts/application (2.0ms)
Completed 200 OK in 30ms (Views: 15.0ms | ActiveRecord: 0.0ms)


Started GET "/" for 127.0.0.1 at 2011-11-12 17:05:00 -0500
  Processing by IngredientsController#index as HTML
  [1m[36mIngredient Load (1.0ms)[0m  [1mSELECT "ingredients".* FROM "ingredients"[0m
Rendered ingredients/index.html.erb within layouts/application (2.0ms)
Completed 200 OK in 72ms (Views: 34.0ms | ActiveRecord: 1.0ms)


Started GET "/" for 127.0.0.1 at 2011-11-12 17:05:43 -0500
  Processing by IngredientsController#index as HTML
  [1m[35mIngredient Load (0.0ms)[0m  SELECT "ingredients".* FROM "ingredients"
Rendered ingredients/index.html.erb within layouts/application (2.0ms)
Completed 200 OK in 26ms (Views: 15.0ms | ActiveRecord: 0.0ms)


Started GET "/" for 127.0.0.1 at 2011-11-12 17:06:45 -0500
  Processing by IngredientsController#index as HTML
  [1m[36mIngredient Load (0.0ms)[0m  [1mSELECT "ingredients".* FROM "ingredients"[0m
Rendered ingredients/index.html.erb within layouts/application (2.0ms)
Completed 200 OK in 35ms (Views: 15.0ms | ActiveRecord: 0.0ms)


Started GET "/recipes" for 127.0.0.1 at 2011-11-12 17:11:56 -0500
  Processing by RecipesController#index as HTML
  [1m[35mRecipe Load (1.0ms)[0m  SELECT "recipes".* FROM "recipes"
Rendered recipes/index.html.erb within layouts/application (2.0ms)
Completed 200 OK in 68ms (Views: 19.0ms | ActiveRecord: 1.0ms)


Started GET "/" for 127.0.0.1 at 2011-11-12 17:16:15 -0500
  Processing by IngredientsController#index as HTML
  [1m[36mIngredient Load (0.0ms)[0m  [1mSELECT "ingredients".* FROM "ingredients"[0m
Rendered ingredients/index.html.erb within layouts/application (9.0ms)
Completed 200 OK in 95ms (Views: 55.0ms | ActiveRecord: 0.0ms)


Started GET "/recipes" for 127.0.0.1 at 2011-11-12 17:16:26 -0500
  Processing by RecipesController#index as HTML
  [1m[35mRecipe Load (1.0ms)[0m  SELECT "recipes".* FROM "recipes"
Rendered recipes/index.html.erb within layouts/application (8.0ms)
Completed 200 OK in 93ms (Views: 51.0ms | ActiveRecord: 1.0ms)


Started GET "/recipes" for 127.0.0.1 at 2011-11-12 17:17:13 -0500
  Processing by RecipesController#index as HTML
  [1m[36mRecipe Load (0.0ms)[0m  [1mSELECT "recipes".* FROM "recipes"[0m
Rendered recipes/index.html.erb within layouts/application (10.0ms)
Completed 200 OK in 105ms (Views: 57.0ms | ActiveRecord: 0.0ms)


Started GET "/recipes" for 127.0.0.1 at 2011-11-12 17:18:47 -0500
  Processing by RecipesController#index as HTML
  [1m[35mRecipe Load (0.0ms)[0m  SELECT "recipes".* FROM "recipes"
Rendered recipes/index.html.erb within layouts/application (3.0ms)
Completed 200 OK in 29ms (Views: 15.0ms | ActiveRecord: 0.0ms)


Started GET "/recipes" for 127.0.0.1 at 2011-11-12 17:19:14 -0500
  Processing by RecipesController#index as HTML
  [1m[36mRecipe Load (1.0ms)[0m  [1mSELECT "recipes".* FROM "recipes"[0m
Rendered recipes/index.html.erb within layouts/application (9.0ms)
Completed 200 OK in 108ms (Views: 57.0ms | ActiveRecord: 1.0ms)


Started GET "/recipes" for 127.0.0.1 at 2011-11-12 17:20:02 -0500
  Processing by RecipesController#index as HTML
  [1m[35mRecipe Load (0.0ms)[0m  SELECT "recipes".* FROM "recipes"
Rendered recipes/index.html.erb within layouts/application (3.0ms)
Completed 200 OK in 28ms (Views: 15.0ms | ActiveRecord: 0.0ms)


Started GET "/recipes" for 127.0.0.1 at 2011-11-12 17:20:42 -0500
  Processing by RecipesController#index as HTML
  [1m[36mRecipe Load (0.0ms)[0m  [1mSELECT "recipes".* FROM "recipes"[0m
Rendered recipes/index.html.erb within layouts/application (3.0ms)
Completed 200 OK in 61ms (Views: 15.0ms | ActiveRecord: 0.0ms)


Started GET "/recipes" for 127.0.0.1 at 2011-11-12 17:21:32 -0500
  Processing by RecipesController#index as HTML
  [1m[35mRecipe Load (1.0ms)[0m  SELECT "recipes".* FROM "recipes"
Rendered recipes/index.html.erb within layouts/application (2.0ms)
Completed 200 OK in 29ms (Views: 15.0ms | ActiveRecord: 1.0ms)


Started GET "/recipes" for 127.0.0.1 at 2011-11-12 17:22:03 -0500
  Processing by RecipesController#index as HTML
  [1m[36mRecipe Load (1.0ms)[0m  [1mSELECT "recipes".* FROM "recipes"[0m
Rendered recipes/index.html.erb within layouts/application (3.0ms)
Completed 200 OK in 28ms (Views: 15.0ms | ActiveRecord: 1.0ms)
